<?xml version="1.0" encoding="UTF-8"?>
<!-- Generated by org.testng.reporters.JUnitReportReporter -->
<testsuite hostname="LAPTOP-EI5SBSF9" failures="0" tests="4" name="com.example.rest_assured_api_tests.CountryAPITest" time="7.687" errors="0" timestamp="2025-01-16T10:25:25 IST" skipped="0">
  <testcase classname="com.example.rest_assured_api_tests.CountryAPITest" name="testGetCountriesByInvalidCurrency" time="1.074"/>
  <system-out/>
  <testcase classname="com.example.rest_assured_api_tests.CountryAPITest" name="testGetCountriesByCurrency" time="4.237"/>
  <system-out/>
  <testcase classname="com.example.rest_assured_api_tests.CountryAPITest" name="testGetCountriesWithEmptyCurrency" time="0.904"/>
  <system-out/>
  <testcase classname="com.example.rest_assured_api_tests.CountryAPITest" name="testGetCountriesByLanguage" time="1.472"/>
  <system-out/>
</testsuite> <!-- com.example.rest_assured_api_tests.CountryAPITest -->
