<?xml version="1.0" encoding="UTF-8"?>
<testng-results ignored="0" total="2" passed="2" failed="0" skipped="0">
  <reporter-output>
  </reporter-output>
  <suite started-at="2025-01-16T17:23:26 IST" name="Test Suite" finished-at="2025-01-16T17:23:55 IST" duration-ms="28899">
    <groups>
    </groups>
    <test started-at="2025-01-16T17:23:26 IST" name="Test 1" finished-at="2025-01-16T17:23:55 IST" duration-ms="28899">
      <class name="sdet.Assignment.verifyLinkTest">
        <test-method is-config="true" signature="beforeMethod()[pri:0, instance:sdet.Assignment.verifyLinkTest@419c5f1a]" started-at="2025-01-16T17:23:41 IST" name="beforeMethod" finished-at="2025-01-16T17:23:41 IST" duration-ms="793" status="PASS">
          <reporter-output>
          </reporter-output>
        </test-method> <!-- beforeMethod -->
        <test-method signature="Testlink(java.lang.String,java.lang.String,java.lang.String,java.lang.String)[pri:0, instance:sdet.Assignment.verifyLinkTest@419c5f1a]" started-at="2025-01-16T17:23:41 IST" name="Testlink" data-provider="linkData" finished-at="2025-01-16T17:23:55 IST" duration-ms="13353" status="PASS">
          <params>
            <param index="0">
              <value>
                <![CDATA[Why Autify]]>
              </value>
            </param>
            <param index="1">
              <value>
                <![CDATA[Pricing]]>
              </value>
            </param>
            <param index="2">
              <value>
                <![CDATA[Start Free Trial]]>
              </value>
            </param>
            <param index="3">
              <value>
                <![CDATA[auth-btn]]>
              </value>
            </param>
          </params>
          <reporter-output>
          </reporter-output>
        </test-method> <!-- Testlink -->
        <test-method is-config="true" signature="afterMethod()[pri:0, instance:sdet.Assignment.verifyLinkTest@419c5f1a]" started-at="2025-01-16T17:23:55 IST" name="afterMethod" finished-at="2025-01-16T17:23:55 IST" duration-ms="279" status="PASS">
          <reporter-output>
          </reporter-output>
        </test-method> <!-- afterMethod -->
      </class> <!-- sdet.Assignment.verifyLinkTest -->
      <class name="sdet.Assignment.linkTitleTest">
        <test-method is-config="true" signature="beforeClass()[pri:0, instance:sdet.Assignment.linkTitleTest@3c9d0b9d]" started-at="2025-01-16T17:23:26 IST" name="beforeClass" finished-at="2025-01-16T17:23:28 IST" duration-ms="1562" status="PASS">
          <reporter-output>
          </reporter-output>
        </test-method> <!-- beforeClass -->
        <test-method signature="Testtitle(java.lang.String,java.lang.String)[pri:0, instance:sdet.Assignment.linkTitleTest@3c9d0b9d]" started-at="2025-01-16T17:23:28 IST" name="Testtitle" data-provider="linkData" finished-at="2025-01-16T17:23:40 IST" duration-ms="12412" status="PASS">
          <params>
            <param index="0">
              <value>
                <![CDATA[Why Autify]]>
              </value>
            </param>
            <param index="1">
              <value>
                <![CDATA[Pricing]]>
              </value>
            </param>
          </params>
          <reporter-output>
          </reporter-output>
        </test-method> <!-- Testtitle -->
        <test-method is-config="true" signature="afterClass()[pri:0, instance:sdet.Assignment.linkTitleTest@3c9d0b9d]" started-at="2025-01-16T17:23:40 IST" name="afterClass" finished-at="2025-01-16T17:23:41 IST" duration-ms="446" status="PASS">
          <reporter-output>
          </reporter-output>
        </test-method> <!-- afterClass -->
      </class> <!-- sdet.Assignment.linkTitleTest -->
    </test> <!-- Test 1 -->
  </suite> <!-- Test Suite -->
</testng-results>
