<?xml version="1.0" encoding="UTF-8"?>
<testng-results ignored="0" total="4" passed="4" failed="0" skipped="0">
  <reporter-output>
  </reporter-output>
  <suite started-at="2025-01-16T10:25:17 IST" name="Default suite" finished-at="2025-01-16T10:25:25 IST" duration-ms="7763">
    <groups>
    </groups>
    <test started-at="2025-01-16T10:25:17 IST" name="Default test" finished-at="2025-01-16T10:25:25 IST" duration-ms="7763">
      <class name="com.example.rest_assured_api_tests.CountryAPITest">
        <test-method signature="testGetCountriesByCurrency()[pri:0, instance:com.example.rest_assured_api_tests.CountryAPITest@67080771]" started-at="2025-01-16T10:25:17 IST" name="testGetCountriesByCurrency" finished-at="2025-01-16T10:25:21 IST" duration-ms="4237" status="PASS">
          <reporter-output>
          </reporter-output>
        </test-method> <!-- testGetCountriesByCurrency -->
        <test-method signature="testGetCountriesByInvalidCurrency()[pri:0, instance:com.example.rest_assured_api_tests.CountryAPITest@67080771]" started-at="2025-01-16T10:25:21 IST" name="testGetCountriesByInvalidCurrency" finished-at="2025-01-16T10:25:22 IST" duration-ms="1074" status="PASS">
          <reporter-output>
          </reporter-output>
        </test-method> <!-- testGetCountriesByInvalidCurrency -->
        <test-method signature="testGetCountriesByLanguage()[pri:0, instance:com.example.rest_assured_api_tests.CountryAPITest@67080771]" started-at="2025-01-16T10:25:22 IST" name="testGetCountriesByLanguage" finished-at="2025-01-16T10:25:24 IST" duration-ms="1472" status="PASS">
          <reporter-output>
          </reporter-output>
        </test-method> <!-- testGetCountriesByLanguage -->
        <test-method signature="testGetCountriesWithEmptyCurrency()[pri:0, instance:com.example.rest_assured_api_tests.CountryAPITest@67080771]" started-at="2025-01-16T10:25:24 IST" name="testGetCountriesWithEmptyCurrency" finished-at="2025-01-16T10:25:25 IST" duration-ms="904" status="PASS">
          <reporter-output>
          </reporter-output>
        </test-method> <!-- testGetCountriesWithEmptyCurrency -->
      </class> <!-- com.example.rest_assured_api_tests.CountryAPITest -->
    </test> <!-- Default test -->
  </suite> <!-- Default suite -->
</testng-results>
