<?xml version="1.0" encoding="UTF-8"?>
<!-- Generated by org.testng.reporters.JUnitXMLReporter -->
<testsuite ignored="0" hostname="LAPTOP-EI5SBSF9" failures="0" tests="4" name="Default test" time="7.763" errors="0" timestamp="2025-01-16T10:25:25 IST">
  <testcase classname="com.example.rest_assured_api_tests.CountryAPITest" name="testGetCountriesByCurrency" time="4.237"/>
  <testcase classname="com.example.rest_assured_api_tests.CountryAPITest" name="testGetCountriesByInvalidCurrency" time="1.074"/>
  <testcase classname="com.example.rest_assured_api_tests.CountryAPITest" name="testGetCountriesByLanguage" time="1.472"/>
  <testcase classname="com.example.rest_assured_api_tests.CountryAPITest" name="testGetCountriesWithEmptyCurrency" time="0.904"/>
</testsuite> <!-- Default test -->
