<?xml version="1.0" encoding="UTF-8"?>
<testng-results ignored="0" total="1" passed="1" failed="0" skipped="0">
  <reporter-output>
  </reporter-output>
  <suite started-at="2025-01-16T10:47:59 IST" name="Default suite" finished-at="2025-01-16T10:48:29 IST" duration-ms="30560">
    <groups>
    </groups>
    <test started-at="2025-01-16T10:47:59 IST" name="Default test" finished-at="2025-01-16T10:48:29 IST" duration-ms="30560">
      <class name="sdet.Assignment.verifyLink">
        <test-method is-config="true" signature="beforeMethod()[pri:0, instance:sdet.Assignment.verifyLink@20ccf40b]" started-at="2025-01-16T10:47:59 IST" name="beforeMethod" finished-at="2025-01-16T10:48:01 IST" duration-ms="2256" status="PASS">
          <reporter-output>
          </reporter-output>
        </test-method> <!-- beforeMethod -->
        <test-method signature="link(java.lang.String,java.lang.String,java.lang.String,java.lang.String)[pri:0, instance:sdet.Assignment.verifyLink@20ccf40b]" started-at="2025-01-16T10:48:01 IST" name="link" data-provider="linkData" finished-at="2025-01-16T10:48:29 IST" duration-ms="27776" status="PASS">
          <params>
            <param index="0">
              <value>
                <![CDATA[Why Autify]]>
              </value>
            </param>
            <param index="1">
              <value>
                <![CDATA[Pricing]]>
              </value>
            </param>
            <param index="2">
              <value>
                <![CDATA[Start Free Trial]]>
              </value>
            </param>
            <param index="3">
              <value>
                <![CDATA[auth-btn]]>
              </value>
            </param>
          </params>
          <reporter-output>
          </reporter-output>
        </test-method> <!-- link -->
        <test-method is-config="true" signature="afterMethod()[pri:0, instance:sdet.Assignment.verifyLink@20ccf40b]" started-at="2025-01-16T10:48:29 IST" name="afterMethod" finished-at="2025-01-16T10:48:29 IST" duration-ms="464" status="PASS">
          <reporter-output>
          </reporter-output>
        </test-method> <!-- afterMethod -->
      </class> <!-- sdet.Assignment.verifyLink -->
    </test> <!-- Default test -->
  </suite> <!-- Default suite -->
</testng-results>
